This is pdfTeX, Version 3.141592653-2.6-1.40.23 (MiKTeX 21.10) (preloaded format=pdflatex 2021.10.25)  11 NOV 2021 23:11
entering extended mode
**./Ringraziamenti.tex
(Ringraziamenti.tex
LaTeX2e <2021-06-01> patch level 1
L3 programming layer <2021-10-18>
! Undefined control sequence.
l.1 \chapter
            {Ringraziamenti}
The control sequence at the end of the top line
of your error message was never \def'ed. If you have
misspelled it (e.g., `\hobx'), type `I' and the correct
spelling (e.g., `I\hbox'). Otherwise just continue,
and I'll forget about whatever was undefined.


! LaTeX Error: Missing \begin{document}.

See the LaTeX manual or LaTeX Companion for explanation.
Type  H <return>  for immediate help.
 ...                                              
                                                  
l.1 \chapter{R
              ingraziamenti}
You're in trouble here.  Try typing  <return>  to proceed.
If that doesn't work, type  X <return>  to quit.

Missing character: There is no R in font nullfont!
Missing character: There is no i in font nullfont!
Missing character: There is no n in font nullfont!
Missing character: There is no g in font nullfont!
Missing character: There is no r in font nullfont!
Missing character: There is no a in font nullfont!
Missing character: There is no z in font nullfont!
Missing character: There is no i in font nullfont!
Missing character: There is no a in font nullfont!
Missing character: There is no m in font nullfont!
Missing character: There is no e in font nullfont!
Missing character: There is no n in font nullfont!
Missing character: There is no t in font nullfont!
Missing character: There is no i in font nullfont!

Overfull \hbox (20.0pt too wide) in paragraph at lines 1--4
[]
 []


Overfull \hbox (19.57208pt too wide) in paragraph at lines 1--4
\OT1/cmr/m/it/10 Vor-
 []


Overfull \hbox (11.37212pt too wide) in paragraph at lines 1--4
\OT1/cmr/m/it/10 rei
 []


Overfull \hbox (20.9554pt too wide) in paragraph at lines 1--4
\OT1/cmr/m/it/10 dedi-
 []


Overfull \hbox (17.50539pt too wide) in paragraph at lines 1--4
\OT1/cmr/m/it/10 care
 []


Overfull \hbox (27.0887pt too wide) in paragraph at lines 1--4
\OT1/cmr/m/it/10 questa
 []


Overfull \hbox (15.07767pt too wide) in paragraph at lines 1--4
\OT1/cmr/m/it/10 tesi
 []


Overfull \hbox (5.11108pt too wide) in paragraph at lines 1--4
\OT1/cmr/m/it/10 a
 []


Overfull \hbox (19.93317pt too wide) in paragraph at lines 1--4
\OT1/cmr/m/it/10 tutte
 []


Overfull \hbox (7.1555pt too wide) in paragraph at lines 1--4
\OT1/cmr/m/it/10 le
 []


Overfull \hbox (16.9943pt too wide) in paragraph at lines 1--4
\OT1/cmr/m/it/10 per-
 []


Overfull \hbox (19.4221pt too wide) in paragraph at lines 1--4
\OT1/cmr/m/it/10 sone
 []


Overfull \hbox (14.311pt too wide) in paragraph at lines 1--4
\OT1/cmr/m/it/10 che
 []


Overfull \hbox (11.24438pt too wide) in paragraph at lines 1--4
\OT1/cmr/m/it/10 mi
 []


Overfull \hbox (19.93323pt too wide) in paragraph at lines 1--4
\OT1/cmr/m/it/10 sono
 []


Overfull \hbox (20.4443pt too wide) in paragraph at lines 1--4
\OT1/cmr/m/it/10 sem-
 []


Overfull \hbox (13.41655pt too wide) in paragraph at lines 1--4
\OT1/cmr/m/it/10 pre
 []


Overfull \hbox (20.44429pt too wide) in paragraph at lines 1--4
\OT1/cmr/m/it/10 state
 []


Overfull \hbox (25.55537pt too wide) in paragraph at lines 1--4
\OT1/cmr/m/it/10 vicine
 []


Overfull \hbox (4.59996pt too wide) in paragraph at lines 1--4
\OT1/cmr/m/it/10 e
 []


Overfull \hbox (14.311pt too wide) in paragraph at lines 1--4
\OT1/cmr/m/it/10 che
 []


Overfull \hbox (11.24438pt too wide) in paragraph at lines 1--4
\OT1/cmr/m/it/10 mi
 []


Overfull \hbox (26.57764pt too wide) in paragraph at lines 1--4
\OT1/cmr/m/it/10 hanno
 []


Overfull \hbox (13.28879pt too wide) in paragraph at lines 1--4
\OT1/cmr/m/it/10 ac-
 []


Overfull \hbox (20.9554pt too wide) in paragraph at lines 1--4
\OT1/cmr/m/it/10 com-
 []


Overfull \hbox (13.28879pt too wide) in paragraph at lines 1--4
\OT1/cmr/m/it/10 pa-
 []


Overfull \hbox (8.1777pt too wide) in paragraph at lines 1--4
\OT1/cmr/m/it/10 g-
 []


Overfull \hbox (19.16655pt too wide) in paragraph at lines 1--4
\OT1/cmr/m/it/10 nato
 []


Overfull \hbox (8.68884pt too wide) in paragraph at lines 1--4
\OT1/cmr/m/it/10 in
 []


Overfull \hbox (25.04427pt too wide) in paragraph at lines 1--4
\OT1/cmr/m/it/10 questi
 []


Overfull \hbox (22.48877pt too wide) in paragraph at lines 1--4
\OT1/cmr/m/it/10 anni. 
 []


! LaTeX Error: Missing \begin{document}.

See the LaTeX manual or LaTeX Companion for explanation.
Type  H <return>  for immediate help.
 ...                                              
                                                  
l.5 ...ida per la realizzazione di questo lavoro.}
                                                  \\
You're in trouble here.  Try typing  <return>  to proceed.
If that doesn't work, type  X <return>  to quit.


Overfull \hbox (29.47772pt too wide) in paragraph at lines 5--6
[]\OT1/cmr/m/it/10 In
 []


Overfull \hbox (30.79427pt too wide) in paragraph at lines 5--6
\OT1/cmr/m/it/10 primis,
 []


Overfull \hbox (10.98883pt too wide) in paragraph at lines 5--6
\OT1/cmr/m/it/10 un
 []


Overfull \hbox (17.88876pt too wide) in paragraph at lines 5--6
\OT1/cmr/m/it/10 sen-
 []


Overfull \hbox (14.82211pt too wide) in paragraph at lines 5--6
\OT1/cmr/m/it/10 tito
 []


Overfull \hbox (16.9943pt too wide) in paragraph at lines 5--6
\OT1/cmr/m/it/10 gra-
 []


Overfull \hbox (11.75548pt too wide) in paragraph at lines 5--6
\OT1/cmr/m/it/10 zie
 []


Overfull \hbox (7.66663pt too wide) in paragraph at lines 5--6
\OT1/cmr/m/it/10 al
 []


Overfull \hbox (16.35547pt too wide) in paragraph at lines 5--6
\OT1/cmr/m/it/10 mio
 []


Overfull \hbox (11.88321pt too wide) in paragraph at lines 5--6
\OT1/cmr/m/it/10 re-
 []


Overfull \hbox (11.24437pt too wide) in paragraph at lines 5--6
\OT1/cmr/m/it/10 la-
 []


Overfull \hbox (16.73874pt too wide) in paragraph at lines 5--6
\OT1/cmr/m/it/10 tore
 []


Overfull \hbox (21.09431pt too wide) in paragraph at lines 5--6
\OT1/cmr/m/it/10 Pan-
 []


Overfull \hbox (17.8888pt too wide) in paragraph at lines 5--6
\OT1/cmr/m/it/10 zani
 []


Overfull \hbox (26.90263pt too wide) in paragraph at lines 5--6
\OT1/cmr/m/it/10 Giulio
 []


Overfull \hbox (13.41655pt too wide) in paragraph at lines 5--6
\OT1/cmr/m/it/10 per
 []


Overfull \hbox (7.66663pt too wide) in paragraph at lines 5--6
\OT1/cmr/m/it/10 la
 []


Overfull \hbox (34.24423pt too wide) in paragraph at lines 5--6
\OT1/cmr/m/it/10 disponi-
 []


Overfull \hbox (21.72208pt too wide) in paragraph at lines 5--6
\OT1/cmr/m/it/10 bilita
 []


Overfull \hbox (41.01639pt too wide) in paragraph at lines 5--6
\OT1/cmr/m/it/10 mostrata,
 []


Overfull \hbox (13.41655pt too wide) in paragraph at lines 5--6
\OT1/cmr/m/it/10 per
 []


Overfull \hbox (29.77202pt too wide) in paragraph at lines 5--6
\OT1/cmr/m/it/10 avermi
 []


Overfull \hbox (42.29416pt too wide) in paragraph at lines 5--6
\OT1/cmr/m/it/10 trasmesso
 []


Overfull \hbox (7.66663pt too wide) in paragraph at lines 5--6
\OT1/cmr/m/it/10 la
 []


Overfull \hbox (17.37766pt too wide) in paragraph at lines 5--6
\OT1/cmr/m/it/10 pas-
 []


Overfull \hbox (22.48875pt too wide) in paragraph at lines 5--6
\OT1/cmr/m/it/10 sione
 []


Overfull \hbox (13.41655pt too wide) in paragraph at lines 5--6
\OT1/cmr/m/it/10 per
 []


Overfull \hbox (27.0887pt too wide) in paragraph at lines 5--6
\OT1/cmr/m/it/10 questo
 []


Overfull \hbox (16.86656pt too wide) in paragraph at lines 5--6
\OT1/cmr/m/it/10 am-
 []


Overfull \hbox (16.09988pt too wide) in paragraph at lines 5--6
\OT1/cmr/m/it/10 bito
 []


Overfull \hbox (63.78288pt too wide) in paragraph at lines 5--6
\OT1/cmr/m/it/10 dell'Ingegneria
 []


Overfull \hbox (4.59996pt too wide) in paragraph at lines 5--6
\OT1/cmr/m/it/10 e
 []


Overfull \hbox (13.41655pt too wide) in paragraph at lines 5--6
\OT1/cmr/m/it/10 per
 []


Overfull \hbox (12.26657pt too wide) in paragraph at lines 5--6
\OT1/cmr/m/it/10 es-
 []


Overfull \hbox (16.9943pt too wide) in paragraph at lines 5--6
\OT1/cmr/m/it/10 sere
 []


Overfull \hbox (20.95541pt too wide) in paragraph at lines 5--6
\OT1/cmr/m/it/10 stato
 []


Overfull \hbox (21.72208pt too wide) in paragraph at lines 5--6
\OT1/cmr/m/it/10 fonte
 []


Overfull \hbox (8.17773pt too wide) in paragraph at lines 5--6
\OT1/cmr/m/it/10 di
 []


Overfull \hbox (50.59966pt too wide) in paragraph at lines 5--6
\OT1/cmr/m/it/10 conoscenza,
 []


Overfull \hbox (12.2666pt too wide) in paragraph at lines 5--6
\OT1/cmr/m/it/10 sia
 []


Overfull \hbox (21.97762pt too wide) in paragraph at lines 5--6
\OT1/cmr/m/it/10 come
 []


Overfull \hbox (17.50542pt too wide) in paragraph at lines 5--6
\OT1/cmr/m/it/10 pro-
 []


Overfull \hbox (15.33322pt too wide) in paragraph at lines 5--6
\OT1/cmr/m/it/10 fes-
 []


Overfull \hbox (17.50542pt too wide) in paragraph at lines 5--6
\OT1/cmr/m/it/10 sore
 []


Overfull \hbox (12.2666pt too wide) in paragraph at lines 5--6
\OT1/cmr/m/it/10 sia
 []


Overfull \hbox (21.97762pt too wide) in paragraph at lines 5--6
\OT1/cmr/m/it/10 come
 []


Overfull \hbox (23.25542pt too wide) in paragraph at lines 5--6
\OT1/cmr/m/it/10 guida
 []


Overfull \hbox (13.41655pt too wide) in paragraph at lines 5--6
\OT1/cmr/m/it/10 per
 []


Overfull \hbox (7.66663pt too wide) in paragraph at lines 5--6
\OT1/cmr/m/it/10 la
 []


Overfull \hbox (11.88321pt too wide) in paragraph at lines 5--6
\OT1/cmr/m/it/10 re-
 []


Overfull \hbox (11.24437pt too wide) in paragraph at lines 5--6
\OT1/cmr/m/it/10 al-
 []


Overfull \hbox (10.73326pt too wide) in paragraph at lines 5--6
\OT1/cmr/m/it/10 iz-
 []


Overfull \hbox (31.6887pt too wide) in paragraph at lines 5--6
\OT1/cmr/m/it/10 zazione
 []


Overfull \hbox (8.17773pt too wide) in paragraph at lines 5--6
\OT1/cmr/m/it/10 di
 []


Overfull \hbox (27.0887pt too wide) in paragraph at lines 5--6
\OT1/cmr/m/it/10 questo
 []


Overfull \hbox (11.24437pt too wide) in paragraph at lines 5--6
\OT1/cmr/m/it/10 la-
 []


Overfull \hbox (21.59428pt too wide) in paragraph at lines 5--6
\OT1/cmr/m/it/10 voro. 
 []


! LaTeX Error: Missing \begin{document}.

See the LaTeX manual or LaTeX Companion for explanation.
Type  H <return>  for immediate help.
 ...                                              
                                                  
l.7 ... dedicare questo mio importante traguardo.}
                                                  \\
You're in trouble here.  Try typing  <return>  to proceed.
If that doesn't work, type  X <return>  to quit.


Overfull \hbox (61.41083pt too wide) in paragraph at lines 7--8
[]\OT1/cmr/m/it/10 Ringrazio
 []


Overfull \hbox (12.26659pt too wide) in paragraph at lines 7--8
\OT1/cmr/m/it/10 in-
 []


Overfull \hbox (17.88878pt too wide) in paragraph at lines 7--8
\OT1/cmr/m/it/10 fini-
 []


Overfull \hbox (12.01102pt too wide) in paragraph at lines 7--8
\OT1/cmr/m/it/10 ta-
 []


Overfull \hbox (26.32204pt too wide) in paragraph at lines 7--8
\OT1/cmr/m/it/10 mente
 []


Overfull \hbox (3.06665pt too wide) in paragraph at lines 7--8
\OT1/cmr/m/it/10 i
 []


Overfull \hbox (18.911pt too wide) in paragraph at lines 7--8
\OT1/cmr/m/it/10 miei
 []


Overfull \hbox (18.39986pt too wide) in paragraph at lines 7--8
\OT1/cmr/m/it/10 gen-
 []


Overfull \hbox (6.6444pt too wide) in paragraph at lines 7--8
\OT1/cmr/m/it/10 i-
 []


Overfull \hbox (15.71655pt too wide) in paragraph at lines 7--8
\OT1/cmr/m/it/10 tori
 []


Overfull \hbox (14.311pt too wide) in paragraph at lines 7--8
\OT1/cmr/m/it/10 che
 []


Overfull \hbox (26.57764pt too wide) in paragraph at lines 7--8
\OT1/cmr/m/it/10 hanno
 []


Overfull \hbox (20.4443pt too wide) in paragraph at lines 7--8
\OT1/cmr/m/it/10 sem-
 []


Overfull \hbox (13.41655pt too wide) in paragraph at lines 7--8
\OT1/cmr/m/it/10 pre
 []


Overfull \hbox (40.63307pt too wide) in paragraph at lines 7--8
\OT1/cmr/m/it/10 sostenuto
 []


Overfull \hbox (15.84435pt too wide) in paragraph at lines 7--8
\OT1/cmr/m/it/10 me,
 []


Overfull \hbox (16.35547pt too wide) in paragraph at lines 7--8
\OT1/cmr/m/it/10 mio
 []


Overfull \hbox (30.53867pt too wide) in paragraph at lines 7--8
\OT1/cmr/m/it/10 fratello
 []


Overfull \hbox (4.59996pt too wide) in paragraph at lines 7--8
\OT1/cmr/m/it/10 e
 []


Overfull \hbox (16.35547pt too wide) in paragraph at lines 7--8
\OT1/cmr/m/it/10 mia
 []


Overfull \hbox (31.30534pt too wide) in paragraph at lines 7--8
\OT1/cmr/m/it/10 sorella,
 []


Overfull \hbox (13.79991pt too wide) in paragraph at lines 7--8
\OT1/cmr/m/it/10 ap-
 []


Overfull \hbox (17.37762pt too wide) in paragraph at lines 7--8
\OT1/cmr/m/it/10 pog-
 []


Overfull \hbox (21.97763pt too wide) in paragraph at lines 7--8
\OT1/cmr/m/it/10 gian-
 []


Overfull \hbox (17.37766pt too wide) in paragraph at lines 7--8
\OT1/cmr/m/it/10 doci
 []


Overfull \hbox (8.68884pt too wide) in paragraph at lines 7--8
\OT1/cmr/m/it/10 in
 []


Overfull \hbox (17.88876pt too wide) in paragraph at lines 7--8
\OT1/cmr/m/it/10 ogni
 []


Overfull \hbox (13.28879pt too wide) in paragraph at lines 7--8
\OT1/cmr/m/it/10 de-
 []


Overfull \hbox (11.24435pt too wide) in paragraph at lines 7--8
\OT1/cmr/m/it/10 ci-
 []


Overfull \hbox (22.48875pt too wide) in paragraph at lines 7--8
\OT1/cmr/m/it/10 sione
 []


Overfull \hbox (4.59996pt too wide) in paragraph at lines 7--8
\OT1/cmr/m/it/10 e
 []


Overfull \hbox (26.06648pt too wide) in paragraph at lines 7--8
\OT1/cmr/m/it/10 volen-
 []


Overfull \hbox (17.37766pt too wide) in paragraph at lines 7--8
\OT1/cmr/m/it/10 doci
 []


Overfull \hbox (10.98883pt too wide) in paragraph at lines 7--8
\OT1/cmr/m/it/10 un
 []


Overfull \hbox (18.91095pt too wide) in paragraph at lines 7--8
\OT1/cmr/m/it/10 bene
 []


Overfull \hbox (48.55528pt too wide) in paragraph at lines 7--8
\OT1/cmr/m/it/10 dell'anima.
 []


Overfull \hbox (17.88878pt too wide) in paragraph at lines 7--8
\OT1/cmr/m/it/10 Con
 []


Overfull \hbox (3.06665pt too wide) in paragraph at lines 7--8
\OT1/cmr/m/it/10 i
 []


Overfull \hbox (16.48322pt too wide) in paragraph at lines 7--8
\OT1/cmr/m/it/10 loro
 []


Overfull \hbox (12.26659pt too wide) in paragraph at lines 7--8
\OT1/cmr/m/it/10 in-
 []


Overfull \hbox (21.08313pt too wide) in paragraph at lines 7--8
\OT1/cmr/m/it/10 cred-
 []


Overfull \hbox (6.6444pt too wide) in paragraph at lines 7--8
\OT1/cmr/m/it/10 i-
 []


Overfull \hbox (13.2888pt too wide) in paragraph at lines 7--8
\OT1/cmr/m/it/10 bili
 []


Overfull \hbox (23.63875pt too wide) in paragraph at lines 7--8
\OT1/cmr/m/it/10 sforzi
 []


Overfull \hbox (7.66661pt too wide) in paragraph at lines 7--8
\OT1/cmr/m/it/10 ci
 []


Overfull \hbox (26.57764pt too wide) in paragraph at lines 7--8
\OT1/cmr/m/it/10 hanno
 []


Overfull \hbox (16.9943pt too wide) in paragraph at lines 7--8
\OT1/cmr/m/it/10 per-
 []


Overfull \hbox (16.35544pt too wide) in paragraph at lines 7--8
\OT1/cmr/m/it/10 me-
 []


Overfull \hbox (13.28882pt too wide) in paragraph at lines 7--8
\OT1/cmr/m/it/10 sso
 []


Overfull \hbox (8.17773pt too wide) in paragraph at lines 7--8
\OT1/cmr/m/it/10 di
 []


Overfull \hbox (30.66641pt too wide) in paragraph at lines 7--8
\OT1/cmr/m/it/10 portare
 []


Overfull \hbox (29.89981pt too wide) in paragraph at lines 7--8
\OT1/cmr/m/it/10 avanti,
 []


Overfull \hbox (14.82211pt too wide) in paragraph at lines 7--8
\OT1/cmr/m/it/10 con
 []


Overfull \hbox (37.18306pt too wide) in paragraph at lines 7--8
\OT1/cmr/m/it/10 serenita,
 []


Overfull \hbox (10.22215pt too wide) in paragraph at lines 7--8
\OT1/cmr/m/it/10 gli
 []


Overfull \hbox (20.95543pt too wide) in paragraph at lines 7--8
\OT1/cmr/m/it/10 studi
 []


Overfull \hbox (4.59996pt too wide) in paragraph at lines 7--8
\OT1/cmr/m/it/10 e
 []


Overfull \hbox (18.39986pt too wide) in paragraph at lines 7--8
\OT1/cmr/m/it/10 tutti
 []


Overfull \hbox (3.06665pt too wide) in paragraph at lines 7--8
\OT1/cmr/m/it/10 i
 []


Overfull \hbox (18.39989pt too wide) in paragraph at lines 7--8
\OT1/cmr/m/it/10 nos-
 []


Overfull \hbox (10.60547pt too wide) in paragraph at lines 7--8
\OT1/cmr/m/it/10 tri
 []


Overfull \hbox (16.35544pt too wide) in paragraph at lines 7--8
\OT1/cmr/m/it/10 obi-
 []


Overfull \hbox (11.4999pt too wide) in paragraph at lines 7--8
\OT1/cmr/m/it/10 et-
 []


Overfull \hbox (17.1221pt too wide) in paragraph at lines 7--8
\OT1/cmr/m/it/10 tivi.
 []


Overfull \hbox (14.31102pt too wide) in paragraph at lines 7--8
\OT1/cmr/m/it/10 So-
 []


Overfull \hbox (20.8276pt too wide) in paragraph at lines 7--8
\OT1/cmr/m/it/10 prat-
 []


Overfull \hbox (20.44429pt too wide) in paragraph at lines 7--8
\OT1/cmr/m/it/10 tutto
 []


Overfull \hbox (5.11108pt too wide) in paragraph at lines 7--8
\OT1/cmr/m/it/10 a
 []


Overfull \hbox (16.48322pt too wide) in paragraph at lines 7--8
\OT1/cmr/m/it/10 loro
 []


Overfull \hbox (24.53316pt too wide) in paragraph at lines 7--8
\OT1/cmr/m/it/10 voglio
 []


Overfull \hbox (20.9554pt too wide) in paragraph at lines 7--8
\OT1/cmr/m/it/10 dedi-
 []


Overfull \hbox (17.50539pt too wide) in paragraph at lines 7--8
\OT1/cmr/m/it/10 care
 []


Overfull \hbox (27.0887pt too wide) in paragraph at lines 7--8
\OT1/cmr/m/it/10 questo
 []


Overfull \hbox (16.35547pt too wide) in paragraph at lines 7--8
\OT1/cmr/m/it/10 mio
 []


Overfull \hbox (14.82213pt too wide) in paragraph at lines 7--8
\OT1/cmr/m/it/10 im-
 []


Overfull \hbox (17.50542pt too wide) in paragraph at lines 7--8
\OT1/cmr/m/it/10 por-
 []


Overfull \hbox (21.97762pt too wide) in paragraph at lines 7--8
\OT1/cmr/m/it/10 tante
 []


Overfull \hbox (15.71652pt too wide) in paragraph at lines 7--8
\OT1/cmr/m/it/10 tra-
 []


Overfull \hbox (32.072pt too wide) in paragraph at lines 7--8
\OT1/cmr/m/it/10 guardo. 
 []


! LaTeX Error: The font size command \normalsize is not defined:
               there is probably something wrong with the class file.

See the LaTeX manual or LaTeX Companion for explanation.
Type  H <return>  for immediate help.
 ...                                              
                                                  
l.8 
    
Your command was ignored.
Type  I <command> <return>  to replace it with another command,
or  <return>  to continue without it.

[1
! Undefined control sequence.
<write> \newlabel{cha:ring}{{}{\thepage 
                                        }}
l.8 
    
The control sequence at the end of the top line
of your error message was never \def'ed. If you have
misspelled it (e.g., `\hobx'), type `I' and the correct
spelling (e.g., `I\hbox'). Otherwise just continue,
and I'll forget about whatever was undefined.

\newlabel{cha:ring}{{}{}}
{C:/Users/Elia/AppData/Local/MiKTeX/pdftex/config/pdftex.map}]

! LaTeX Error: Missing \begin{document}.

See the LaTeX manual or LaTeX Companion for explanation.
Type  H <return>  for immediate help.
 ...                                              
                                                  
l.9 ...rice che mi supporta in qualsiasi momento.}
                                                  \\
You're in trouble here.  Try typing  <return>  to proceed.
If that doesn't work, type  X <return>  to quit.


Overfull \hbox (27.43329pt too wide) in paragraph at lines 9--10
[]\OT1/cmr/m/it/10 A
 []


Overfull \hbox (23.1387pt too wide) in paragraph at lines 9--10
\OT1/cmr/m/it/10 Beat-
 []


Overfull \hbox (15.97208pt too wide) in paragraph at lines 9--10
\OT1/cmr/m/it/10 rice
 []


Overfull \hbox (14.311pt too wide) in paragraph at lines 9--10
\OT1/cmr/m/it/10 che
 []


Overfull \hbox (11.24438pt too wide) in paragraph at lines 9--10
\OT1/cmr/m/it/10 mi
 []


Overfull \hbox (18.14433pt too wide) in paragraph at lines 9--10
\OT1/cmr/m/it/10 sup-
 []


Overfull \hbox (22.36095pt too wide) in paragraph at lines 9--10
\OT1/cmr/m/it/10 porta
 []


Overfull \hbox (8.68884pt too wide) in paragraph at lines 9--10
\OT1/cmr/m/it/10 in
 []


Overfull \hbox (21.21097pt too wide) in paragraph at lines 9--10
\OT1/cmr/m/it/10 qual-
 []


Overfull \hbox (10.73326pt too wide) in paragraph at lines 9--10
\OT1/cmr/m/it/10 si-
 []


Overfull \hbox (12.2666pt too wide) in paragraph at lines 9--10
\OT1/cmr/m/it/10 asi
 []


Overfull \hbox (16.86656pt too wide) in paragraph at lines 9--10
\OT1/cmr/m/it/10 mo-
 []


Overfull \hbox (29.89981pt too wide) in paragraph at lines 9--10
\OT1/cmr/m/it/10 mento. 
 []


! LaTeX Error: Missing \begin{document}.

See the LaTeX manual or LaTeX Companion for explanation.
Type  H <return>  for immediate help.
 ...                                              
                                                  
l.11 \textit{A Davide, Maria, Ivan e Gabriele.}
                                               \\
You're in trouble here.  Try typing  <return>  to proceed.
If that doesn't work, type  X <return>  to quit.


Overfull \hbox (27.43329pt too wide) in paragraph at lines 11--12
[]\OT1/cmr/m/it/10 A
 []


Overfull \hbox (16.23877pt too wide) in paragraph at lines 11--12
\OT1/cmr/m/it/10 Da-
 []


Overfull \hbox (20.4443pt too wide) in paragraph at lines 11--12
\OT1/cmr/m/it/10 vide,
 []


Overfull \hbox (29.53871pt too wide) in paragraph at lines 11--12
\OT1/cmr/m/it/10 Maria,
 []


Overfull \hbox (19.18877pt too wide) in paragraph at lines 11--12
\OT1/cmr/m/it/10 Ivan
 []


Overfull \hbox (4.59996pt too wide) in paragraph at lines 11--12
\OT1/cmr/m/it/10 e
 []


Overfull \hbox (39.5525pt too wide) in paragraph at lines 11--12
\OT1/cmr/m/it/10 Gabriele. 
 []


! LaTeX Error: Missing \begin{document}.

See the LaTeX manual or LaTeX Companion for explanation.
Type  H <return>  for immediate help.
 ...                                              
                                                  
l.13 ...he sono stati presenti in questo viaggio.}
                                                  \\
You're in trouble here.  Try typing  <return>  to proceed.
If that doesn't work, type  X <return>  to quit.

)
! Emergency stop.
<*> ./Ringraziamenti.tex
                        
*** (job aborted, no legal \end found)

 
Here is how much of TeX's memory you used:
 24 strings out of 478907
 583 string characters out of 2852365
 298592 words of memory out of 3000000
 18001 multiletter control sequences out of 15000+600000
 403776 words of font info for 28 fonts, out of 8000000 for 9000
 1141 hyphenation exceptions out of 8191
 24i,5n,25p,414b,105s stack positions out of 5000i,500n,10000p,200000b,80000s
!  ==> Fatal error occurred, no output PDF file produced!
